SF:lib/layers/domain/entities/car_entity.dart
DA:6,3
DA:11,3
DA:14,12
DA:16,3
DA:17,7
LF:5
LH:5
end_of_record
SF:lib/layers/domain/usecases/cars/save_car_favorite_usecase.dart/save_car_favorite_usecase_contract.dart
DA:5,0
LF:1
LH:0
end_of_record
SF:lib/layers/domain/usecases/cars/save_car_favorite_usecase.dart/save_car_favorite_usecase_impl.dart
DA:6,1
DA:10,1
DA:12,1
DA:13,2
LF:4
LH:4
end_of_record
SF:lib/layers/domain/usecases/cars/get_cars_by_color/get_cars_by_color_usecase_contract.dart
DA:5,0
LF:1
LH:0
end_of_record
SF:lib/layers/domain/usecases/cars/get_cars_by_color/get_cars_by_color_usecase_impl.dart
DA:6,1
DA:10,1
DA:12,2
LF:3
LH:3
end_of_record
